<?xml version="1.0" encoding="UTF-8"?>
<!-- Generated by org.testng.reporters.JUnitXMLReporter -->
<testsuite hostname="DESKTOP-RN1QCP5" ignored="0" name="Run All Tests" tests="1" failures="1" timestamp="20 Nov 2019 19:49:09 GMT" time="35.783" errors="0">
  <testcase name="feature" time="35.137" classname="org.stadiumgoods.com.testrunner.RunCucumberTests">
    <failure type="cucumber.runtime.CucumberException" message="java.lang.NullPointerException">
      <![CDATA[cucumber.runtime.CucumberException: java.lang.NullPointerException
at cucumber.api.testng.TestNGCucumberRunner.runCucumber(TestNGCucumberRunner.java:69)
at org.stadiumgoods.com.testrunner.RunCucumberTests.feature(RunCucumberTests.java:60)
at java.util.concurrent.FutureTask.run(FutureTask.java:266)
at java.util.concurrent.ThreadPoolExecutor.runWorker(ThreadPoolExecutor.java:1149)
at java.util.concurrent.ThreadPoolExecutor$Worker.run(ThreadPoolExecutor.java:624)
at java.lang.Thread.run(Thread.java:748)
Caused by: java.lang.NullPointerException
at org.openqa.selenium.support.pagefactory.DefaultElementLocator.findElement(DefaultElementLocator.java:69)
at org.openqa.selenium.support.pagefactory.internal.LocatingElementHandler.invoke(LocatingElementHandler.java:38)
at com.sun.proxy.$Proxy20.click(Unknown Source)
at com.stadiumgood.StepDef.CountCatagoriesAndSelectACatagory.user_Closing_the_Pop_up(CountCatagoriesAndSelectACatagory.java:34)
at âœ½.And User Closing the Pop up(CountTheNumberOfCategories.feature:6)
... Removed 16 stack frames]]>
    </failure>
  </testcase> <!-- feature -->
</testsuite> <!-- Run All Tests -->
